Performing C SOURCE FILE Test CMAKE_HAVE_LIBC_PTHREAD failed with the following output:
Change Dir: /home/alan/demo03_ws/build/CMakeFiles/CMakeTmp

Run Build Command(s):/usr/bin/make cmTC_5f3d4/fast && /usr/bin/make -f CMakeFiles/cmTC_5f3d4.dir/build.make CMakeFiles/cmTC_5f3d4.dir/build
make[1]: 进入目录“/home/alan/demo03_ws/build/CMakeFiles/CMakeTmp”
Building C object CMakeFiles/cmTC_5f3d4.dir/src.c.o
/usr/bin/cc   -DCMAKE_HAVE_LIBC_PTHREAD   -o CMakeFiles/cmTC_5f3d4.dir/src.c.o   -c /home/alan/demo03_ws/build/CMakeFiles/CMakeTmp/src.c
Linking C executable cmTC_5f3d4
/usr/bin/cmake -E cmake_link_script CMakeFiles/cmTC_5f3d4.dir/link.txt --verbose=1
/usr/bin/cc  -DCMAKE_HAVE_LIBC_PTHREAD    -rdynamic CMakeFiles/cmTC_5f3d4.dir/src.c.o  -o cmTC_5f3d4 
/usr/bin/ld: CMakeFiles/cmTC_5f3d4.dir/src.c.o: in function `main':
src.c:(.text+0x46): undefined reference to `pthread_create'
/usr/bin/ld: src.c:(.text+0x52): undefined reference to `pthread_detach'
/usr/bin/ld: src.c:(.text+0x63): undefined reference to `pthread_join'
collect2: error: ld returned 1 exit status
make[1]: *** [CMakeFiles/cmTC_5f3d4.dir/build.make:87：cmTC_5f3d4] 错误 1
make[1]: 离开目录“/home/alan/demo03_ws/build/CMakeFiles/CMakeTmp”
make: *** [Makefile:121：cmTC_5f3d4/fast] 错误 2


Source file was:
#include <pthread.h>

void* test_func(void* data)
{
  return data;
}

int main(void)
{
  pthread_t thread;
  pthread_create(&thread, NULL, test_func, NULL);
  pthread_detach(thread);
  pthread_join(thread, NULL);
  pthread_atfork(NULL, NULL, NULL);
  pthread_exit(NULL);

  return 0;
}

Determining if the function pthread_create exists in the pthreads failed with the following output:
Change Dir: /home/alan/demo03_ws/build/CMakeFiles/CMakeTmp

Run Build Command(s):/usr/bin/make cmTC_64923/fast && /usr/bin/make -f CMakeFiles/cmTC_64923.dir/build.make CMakeFiles/cmTC_64923.dir/build
make[1]: 进入目录“/home/alan/demo03_ws/build/CMakeFiles/CMakeTmp”
Building C object CMakeFiles/cmTC_64923.dir/CheckFunctionExists.c.o
/usr/bin/cc   -DCHECK_FUNCTION_EXISTS=pthread_create   -o CMakeFiles/cmTC_64923.dir/CheckFunctionExists.c.o   -c /usr/share/cmake-3.16/Modules/CheckFunctionExists.c
Linking C executable cmTC_64923
/usr/bin/cmake -E cmake_link_script CMakeFiles/cmTC_64923.dir/link.txt --verbose=1
/usr/bin/cc  -DCHECK_FUNCTION_EXISTS=pthread_create    -rdynamic CMakeFiles/cmTC_64923.dir/CheckFunctionExists.c.o  -o cmTC_64923  -lpthreads 
/usr/bin/ld: 找不到 -lpthreads
collect2: error: ld returned 1 exit status
make[1]: *** [CMakeFiles/cmTC_64923.dir/build.make:87：cmTC_64923] 错误 1
make[1]: 离开目录“/home/alan/demo03_ws/build/CMakeFiles/CMakeTmp”
make: *** [Makefile:121：cmTC_64923/fast] 错误 2



Compiling the C compiler identification source file "CMakeCCompilerId.c" failed.
Compiler: /opt/gcc-arm-none-eabi-9-2020-q2-update/bin/arm-none-eabi-gcc 
Build flags: 
Id flags:  

The output was:
1
/opt/gcc-arm-none-eabi-9-2020-q2-update/bin/../lib/gcc/arm-none-eabi/9.3.1/../../../../arm-none-eabi/bin/ld: /opt/gcc-arm-none-eabi-9-2020-q2-update/bin/../lib/gcc/arm-none-eabi/9.3.1/../../../../arm-none-eabi/lib/libc.a(lib_a-exit.o): in function `exit':
exit.c:(.text.exit+0x2c): undefined reference to `_exit'
collect2: error: ld returned 1 exit status


Compiling the CXX compiler identification source file "CMakeCXXCompilerId.cpp" failed.
Compiler: /opt/gcc-arm-none-eabi-9-2020-q2-update/bin/arm-none-eabi-g++ 
Build flags: 
Id flags:  

The output was:
1
/opt/gcc-arm-none-eabi-9-2020-q2-update/bin/../lib/gcc/arm-none-eabi/9.3.1/../../../../arm-none-eabi/bin/ld: /opt/gcc-arm-none-eabi-9-2020-q2-update/bin/../lib/gcc/arm-none-eabi/9.3.1/../../../../arm-none-eabi/lib/libc.a(lib_a-exit.o): in function `exit':
exit.c:(.text.exit+0x2c): undefined reference to `_exit'
collect2: error: ld returned 1 exit status


Determining if the C compiler works failed with the following output:
Change Dir: /home/alan/demo03_ws/build/CMakeFiles/CMakeTmp

Run Build Command(s):/usr/bin/ninja cmTC_edf67 && [1/2] Building C object CMakeFiles/cmTC_edf67.dir/testCCompiler.c.o
[2/2] Linking C executable cmTC_edf67
FAILED: cmTC_edf67 
: && /opt/gcc-arm-none-eabi-9-2020-q2-update/bin/arm-none-eabi-gcc   -rdynamic CMakeFiles/cmTC_edf67.dir/testCCompiler.c.o  -o cmTC_edf67   && :
arm-none-eabi-gcc: error: unrecognized command line option '-rdynamic'
ninja: build stopped: subcommand failed.



Compiling the C compiler identification source file "CMakeCCompilerId.c" failed.
Compiler: /opt/gcc-arm-none-eabi-9-2020-q2-update/bin/arm-none-eabi-gcc 
Build flags: 
Id flags:  

The output was:
1
/opt/gcc-arm-none-eabi-9-2020-q2-update/bin/../lib/gcc/arm-none-eabi/9.3.1/../../../../arm-none-eabi/bin/ld: /opt/gcc-arm-none-eabi-9-2020-q2-update/bin/../lib/gcc/arm-none-eabi/9.3.1/../../../../arm-none-eabi/lib/libc.a(lib_a-exit.o): in function `exit':
exit.c:(.text.exit+0x2c): undefined reference to `_exit'
collect2: error: ld returned 1 exit status


Compiling the CXX compiler identification source file "CMakeCXXCompilerId.cpp" failed.
Compiler: /opt/gcc-arm-none-eabi-9-2020-q2-update/bin/arm-none-eabi-g++ 
Build flags: 
Id flags:  

The output was:
1
/opt/gcc-arm-none-eabi-9-2020-q2-update/bin/../lib/gcc/arm-none-eabi/9.3.1/../../../../arm-none-eabi/bin/ld: /opt/gcc-arm-none-eabi-9-2020-q2-update/bin/../lib/gcc/arm-none-eabi/9.3.1/../../../../arm-none-eabi/lib/libc.a(lib_a-exit.o): in function `exit':
exit.c:(.text.exit+0x2c): undefined reference to `_exit'
collect2: error: ld returned 1 exit status


Determining if the C compiler works failed with the following output:
Change Dir: /home/alan/demo03_ws/build/CMakeFiles/CMakeTmp

Run Build Command(s):/usr/bin/ninja cmTC_1c56a && [1/2] Building C object CMakeFiles/cmTC_1c56a.dir/testCCompiler.c.o
[2/2] Linking C executable cmTC_1c56a
FAILED: cmTC_1c56a 
: && /opt/gcc-arm-none-eabi-9-2020-q2-update/bin/arm-none-eabi-gcc   -rdynamic CMakeFiles/cmTC_1c56a.dir/testCCompiler.c.o  -o cmTC_1c56a   && :
arm-none-eabi-gcc: error: unrecognized command line option '-rdynamic'
ninja: build stopped: subcommand failed.



Compiling the C compiler identification source file "CMakeCCompilerId.c" failed.
Compiler: /opt/gcc-arm-none-eabi-9-2020-q2-update/bin/arm-none-eabi-gcc 
Build flags: 
Id flags:  

The output was:
1
/opt/gcc-arm-none-eabi-9-2020-q2-update/bin/../lib/gcc/arm-none-eabi/9.3.1/../../../../arm-none-eabi/bin/ld: /opt/gcc-arm-none-eabi-9-2020-q2-update/bin/../lib/gcc/arm-none-eabi/9.3.1/../../../../arm-none-eabi/lib/libc.a(lib_a-exit.o): in function `exit':
exit.c:(.text.exit+0x2c): undefined reference to `_exit'
collect2: error: ld returned 1 exit status


Compiling the CXX compiler identification source file "CMakeCXXCompilerId.cpp" failed.
Compiler: /opt/gcc-arm-none-eabi-9-2020-q2-update/bin/arm-none-eabi-g++ 
Build flags: 
Id flags:  

The output was:
1
/opt/gcc-arm-none-eabi-9-2020-q2-update/bin/../lib/gcc/arm-none-eabi/9.3.1/../../../../arm-none-eabi/bin/ld: /opt/gcc-arm-none-eabi-9-2020-q2-update/bin/../lib/gcc/arm-none-eabi/9.3.1/../../../../arm-none-eabi/lib/libc.a(lib_a-exit.o): in function `exit':
exit.c:(.text.exit+0x2c): undefined reference to `_exit'
collect2: error: ld returned 1 exit status


Determining if the C compiler works failed with the following output:
Change Dir: /home/alan/demo03_ws/build/CMakeFiles/CMakeTmp

Run Build Command(s):/usr/bin/ninja cmTC_c0ede && [1/2] Building C object CMakeFiles/cmTC_c0ede.dir/testCCompiler.c.o
[2/2] Linking C executable cmTC_c0ede
FAILED: cmTC_c0ede 
: && /opt/gcc-arm-none-eabi-9-2020-q2-update/bin/arm-none-eabi-gcc   -rdynamic CMakeFiles/cmTC_c0ede.dir/testCCompiler.c.o  -o cmTC_c0ede   && :
arm-none-eabi-gcc: error: unrecognized command line option '-rdynamic'
ninja: build stopped: subcommand failed.



Compiling the C compiler identification source file "CMakeCCompilerId.c" failed.
Compiler: /opt/gcc-arm-none-eabi-9-2020-q2-update/bin/arm-none-eabi-gcc 
Build flags: 
Id flags:  

The output was:
1
/opt/gcc-arm-none-eabi-9-2020-q2-update/bin/../lib/gcc/arm-none-eabi/9.3.1/../../../../arm-none-eabi/bin/ld: /opt/gcc-arm-none-eabi-9-2020-q2-update/bin/../lib/gcc/arm-none-eabi/9.3.1/../../../../arm-none-eabi/lib/libc.a(lib_a-exit.o): in function `exit':
exit.c:(.text.exit+0x2c): undefined reference to `_exit'
collect2: error: ld returned 1 exit status


Compiling the CXX compiler identification source file "CMakeCXXCompilerId.cpp" failed.
Compiler: /opt/gcc-arm-none-eabi-9-2020-q2-update/bin/arm-none-eabi-g++ 
Build flags: 
Id flags:  

The output was:
1
/opt/gcc-arm-none-eabi-9-2020-q2-update/bin/../lib/gcc/arm-none-eabi/9.3.1/../../../../arm-none-eabi/bin/ld: /opt/gcc-arm-none-eabi-9-2020-q2-update/bin/../lib/gcc/arm-none-eabi/9.3.1/../../../../arm-none-eabi/lib/libc.a(lib_a-exit.o): in function `exit':
exit.c:(.text.exit+0x2c): undefined reference to `_exit'
collect2: error: ld returned 1 exit status


Determining if the C compiler works failed with the following output:
Change Dir: /home/alan/demo03_ws/build/CMakeFiles/CMakeTmp

Run Build Command(s):/usr/bin/ninja cmTC_9eb75 && [1/2] Building C object CMakeFiles/cmTC_9eb75.dir/testCCompiler.c.o
[2/2] Linking C executable cmTC_9eb75
FAILED: cmTC_9eb75 
: && /opt/gcc-arm-none-eabi-9-2020-q2-update/bin/arm-none-eabi-gcc   -rdynamic CMakeFiles/cmTC_9eb75.dir/testCCompiler.c.o  -o cmTC_9eb75   && :
arm-none-eabi-gcc: error: unrecognized command line option '-rdynamic'
ninja: build stopped: subcommand failed.



Compiling the C compiler identification source file "CMakeCCompilerId.c" failed.
Compiler: /opt/gcc-arm-none-eabi-9-2020-q2-update/bin/arm-none-eabi-gcc 
Build flags: 
Id flags:  

The output was:
1
/opt/gcc-arm-none-eabi-9-2020-q2-update/bin/../lib/gcc/arm-none-eabi/9.3.1/../../../../arm-none-eabi/bin/ld: /opt/gcc-arm-none-eabi-9-2020-q2-update/bin/../lib/gcc/arm-none-eabi/9.3.1/../../../../arm-none-eabi/lib/libc.a(lib_a-exit.o): in function `exit':
exit.c:(.text.exit+0x2c): undefined reference to `_exit'
collect2: error: ld returned 1 exit status


Compiling the CXX compiler identification source file "CMakeCXXCompilerId.cpp" failed.
Compiler: /opt/gcc-arm-none-eabi-9-2020-q2-update/bin/arm-none-eabi-g++ 
Build flags: 
Id flags:  

The output was:
1
/opt/gcc-arm-none-eabi-9-2020-q2-update/bin/../lib/gcc/arm-none-eabi/9.3.1/../../../../arm-none-eabi/bin/ld: /opt/gcc-arm-none-eabi-9-2020-q2-update/bin/../lib/gcc/arm-none-eabi/9.3.1/../../../../arm-none-eabi/lib/libc.a(lib_a-exit.o): in function `exit':
exit.c:(.text.exit+0x2c): undefined reference to `_exit'
collect2: error: ld returned 1 exit status


Detecting C compiler ABI info failed to compile with the following output:
Change Dir: /home/alan/demo03_ws/build/CMakeFiles/CMakeTmp

Run Build Command(s):/usr/bin/ninja cmTC_30aea && [1/2] Building C object CMakeFiles/cmTC_30aea.dir/CMakeCCompilerABI.c.o
Using built-in specs.
COLLECT_GCC=/opt/gcc-arm-none-eabi-9-2020-q2-update/bin/arm-none-eabi-gcc
Target: arm-none-eabi
Configured with: /mnt/workspace/workspace/GCC-9-pipeline/jenkins-GCC-9-pipeline-200_20200521_1590053374/src/gcc/configure --target=arm-none-eabi --prefix=/mnt/workspace/workspace/GCC-9-pipeline/jenkins-GCC-9-pipeline-200_20200521_1590053374/install-native --libexecdir=/mnt/workspace/workspace/GCC-9-pipeline/jenkins-GCC-9-pipeline-200_20200521_1590053374/install-native/lib --infodir=/mnt/workspace/workspace/GCC-9-pipeline/jenkins-GCC-9-pipeline-200_20200521_1590053374/install-native/share/doc/gcc-arm-none-eabi/info --mandir=/mnt/workspace/workspace/GCC-9-pipeline/jenkins-GCC-9-pipeline-200_20200521_1590053374/install-native/share/doc/gcc-arm-none-eabi/man --htmldir=/mnt/workspace/workspace/GCC-9-pipeline/jenkins-GCC-9-pipeline-200_20200521_1590053374/install-native/share/doc/gcc-arm-none-eabi/html --pdfdir=/mnt/workspace/workspace/GCC-9-pipeline/jenkins-GCC-9-pipeline-200_20200521_1590053374/install-native/share/doc/gcc-arm-none-eabi/pdf --enable-languages=c,c++ --enable-plugins --disable-decimal-float --disable-libffi --disable-libgomp --disable-libmudflap --disable-libquadmath --disable-libssp --disable-libstdcxx-pch --disable-nls --disable-shared --disable-threads --disable-tls --with-gnu-as --with-gnu-ld --with-newlib --with-headers=yes --with-python-dir=share/gcc-arm-none-eabi --with-sysroot=/mnt/workspace/workspace/GCC-9-pipeline/jenkins-GCC-9-pipeline-200_20200521_1590053374/install-native/arm-none-eabi --build=x86_64-linux-gnu --host=x86_64-linux-gnu --with-gmp=/mnt/workspace/workspace/GCC-9-pipeline/jenkins-GCC-9-pipeline-200_20200521_1590053374/build-native/host-libs/usr --with-mpfr=/mnt/workspace/workspace/GCC-9-pipeline/jenkins-GCC-9-pipeline-200_20200521_1590053374/build-native/host-libs/usr --with-mpc=/mnt/workspace/workspace/GCC-9-pipeline/jenkins-GCC-9-pipeline-200_20200521_1590053374/build-native/host-libs/usr --with-isl=/mnt/workspace/workspace/GCC-9-pipeline/jenkins-GCC-9-pipeline-200_20200521_1590053374/build-native/host-libs/usr --with-libelf=/mnt/workspace/workspace/GCC-9-pipeline/jenkins-GCC-9-pipeline-200_20200521_1590053374/build-native/host-libs/usr --with-host-libstdcxx='-static-libgcc -Wl,-Bstatic,-lstdc++,-Bdynamic -lm' --with-pkgversion='GNU Arm Embedded Toolchain 9-2020-q2-update' --with-multilib-list=rmprofile,aprofile
Thread model: single
gcc version 9.3.1 20200408 (release) (GNU Arm Embedded Toolchain 9-2020-q2-update) 
COLLECT_GCC_OPTIONS='-v' '-o' 'CMakeFiles/cmTC_30aea.dir/CMakeCCompilerABI.c.o' '-c' '-mcpu=arm7tdmi' '-mfloat-abi=soft' '-marm' '-march=armv4t'
 /opt/gcc-arm-none-eabi-9-2020-q2-update/bin/../lib/gcc/arm-none-eabi/9.3.1/cc1 -quiet -v -iprefix /opt/gcc-arm-none-eabi-9-2020-q2-update/bin/../lib/gcc/arm-none-eabi/9.3.1/ -isysroot /opt/gcc-arm-none-eabi-9-2020-q2-update/bin/../arm-none-eabi -D__USES_INITFINI__ /usr/local/share/cmake-3.18/Modules/CMakeCCompilerABI.c -quiet -dumpbase CMakeCCompilerABI.c -mcpu=arm7tdmi -mfloat-abi=soft -marm -march=armv4t -auxbase-strip CMakeFiles/cmTC_30aea.dir/CMakeCCompilerABI.c.o -version -o /tmp/cc31vkkV.s
GNU C17 (GNU Arm Embedded Toolchain 9-2020-q2-update) version 9.3.1 20200408 (release) (arm-none-eabi)
	compiled by GNU C version 4.8.4, GMP version 6.1.0, MPFR version 3.1.4, MPC version 1.0.3, isl version isl-0.18-GMP

GGC heuristics: --param ggc-min-expand=100 --param ggc-min-heapsize=131072
ignoring duplicate directory "/opt/gcc-arm-none-eabi-9-2020-q2-update/bin/../lib/gcc/../../lib/gcc/arm-none-eabi/9.3.1/include"
ignoring nonexistent directory "/opt/gcc-arm-none-eabi-9-2020-q2-update/bin/../arm-none-eabi/usr/local/include"
ignoring duplicate directory "/opt/gcc-arm-none-eabi-9-2020-q2-update/bin/../lib/gcc/../../lib/gcc/arm-none-eabi/9.3.1/include-fixed"
ignoring duplicate directory "/opt/gcc-arm-none-eabi-9-2020-q2-update/bin/../lib/gcc/../../lib/gcc/arm-none-eabi/9.3.1/../../../../arm-none-eabi/include"
ignoring nonexistent directory "/opt/gcc-arm-none-eabi-9-2020-q2-update/bin/../arm-none-eabi/usr/include"
#include "..." search starts here:
#include <...> search starts here:
 /opt/gcc-arm-none-eabi-9-2020-q2-update/bin/../lib/gcc/arm-none-eabi/9.3.1/include
 /opt/gcc-arm-none-eabi-9-2020-q2-update/bin/../lib/gcc/arm-none-eabi/9.3.1/include-fixed
 /opt/gcc-arm-none-eabi-9-2020-q2-update/bin/../lib/gcc/arm-none-eabi/9.3.1/../../../../arm-none-eabi/include
End of search list.
GNU C17 (GNU Arm Embedded Toolchain 9-2020-q2-update) version 9.3.1 20200408 (release) (arm-none-eabi)
	compiled by GNU C version 4.8.4, GMP version 6.1.0, MPFR version 3.1.4, MPC version 1.0.3, isl version isl-0.18-GMP

GGC heuristics: --param ggc-min-expand=100 --param ggc-min-heapsize=131072
Compiler executable checksum: 17f1e178bf798cb7013d26242c30c1f0
COLLECT_GCC_OPTIONS='-v' '-o' 'CMakeFiles/cmTC_30aea.dir/CMakeCCompilerABI.c.o' '-c' '-mcpu=arm7tdmi' '-mfloat-abi=soft' '-marm' '-march=armv4t'
 /opt/gcc-arm-none-eabi-9-2020-q2-update/bin/../lib/gcc/arm-none-eabi/9.3.1/../../../../arm-none-eabi/bin/as -v -march=armv4t -mfloat-abi=soft -meabi=5 -o CMakeFiles/cmTC_30aea.dir/CMakeCCompilerABI.c.o /tmp/cc31vkkV.s
GNU assembler version 2.34.0 (arm-none-eabi) using BFD version (GNU Arm Embedded Toolchain 9-2020-q2-update) 2.34.0.20200428
COMPILER_PATH=/opt/gcc-arm-none-eabi-9-2020-q2-update/bin/../lib/gcc/arm-none-eabi/9.3.1/:/opt/gcc-arm-none-eabi-9-2020-q2-update/bin/../lib/gcc/:/opt/gcc-arm-none-eabi-9-2020-q2-update/bin/../lib/gcc/arm-none-eabi/9.3.1/../../../../arm-none-eabi/bin/
LIBRARY_PATH=/opt/gcc-arm-none-eabi-9-2020-q2-update/bin/../lib/gcc/arm-none-eabi/9.3.1/:/opt/gcc-arm-none-eabi-9-2020-q2-update/bin/../lib/gcc/:/opt/gcc-arm-none-eabi-9-2020-q2-update/bin/../lib/gcc/arm-none-eabi/9.3.1/../../../../arm-none-eabi/lib/:/opt/gcc-arm-none-eabi-9-2020-q2-update/bin/../arm-none-eabi/lib/
COLLECT_GCC_OPTIONS='-v' '-o' 'CMakeFiles/cmTC_30aea.dir/CMakeCCompilerABI.c.o' '-c' '-mcpu=arm7tdmi' '-mfloat-abi=soft' '-marm' '-march=armv4t'
[2/2] Linking C executable cmTC_30aea
FAILED: cmTC_30aea 
: && /opt/gcc-arm-none-eabi-9-2020-q2-update/bin/arm-none-eabi-gcc  -v  -rdynamic CMakeFiles/cmTC_30aea.dir/CMakeCCompilerABI.c.o -o cmTC_30aea   && :
Using built-in specs.
COLLECT_GCC=/opt/gcc-arm-none-eabi-9-2020-q2-update/bin/arm-none-eabi-gcc
COLLECT_LTO_WRAPPER=/opt/gcc-arm-none-eabi-9-2020-q2-update/bin/../lib/gcc/arm-none-eabi/9.3.1/lto-wrapper
arm-none-eabi-gcc: error: unrecognized command line option '-rdynamic'
Target: arm-none-eabi
Configured with: /mnt/workspace/workspace/GCC-9-pipeline/jenkins-GCC-9-pipeline-200_20200521_1590053374/src/gcc/configure --target=arm-none-eabi --prefix=/mnt/workspace/workspace/GCC-9-pipeline/jenkins-GCC-9-pipeline-200_20200521_1590053374/install-native --libexecdir=/mnt/workspace/workspace/GCC-9-pipeline/jenkins-GCC-9-pipeline-200_20200521_1590053374/install-native/lib --infodir=/mnt/workspace/workspace/GCC-9-pipeline/jenkins-GCC-9-pipeline-200_20200521_1590053374/install-native/share/doc/gcc-arm-none-eabi/info --mandir=/mnt/workspace/workspace/GCC-9-pipeline/jenkins-GCC-9-pipeline-200_20200521_1590053374/install-native/share/doc/gcc-arm-none-eabi/man --htmldir=/mnt/workspace/workspace/GCC-9-pipeline/jenkins-GCC-9-pipeline-200_20200521_1590053374/install-native/share/doc/gcc-arm-none-eabi/html --pdfdir=/mnt/workspace/workspace/GCC-9-pipeline/jenkins-GCC-9-pipeline-200_20200521_1590053374/install-native/share/doc/gcc-arm-none-eabi/pdf --enable-languages=c,c++ --enable-plugins --disable-decimal-float --disable-libffi --disable-libgomp --disable-libmudflap --disable-libquadmath --disable-libssp --disable-libstdcxx-pch --disable-nls --disable-shared --disable-threads --disable-tls --with-gnu-as --with-gnu-ld --with-newlib --with-headers=yes --with-python-dir=share/gcc-arm-none-eabi --with-sysroot=/mnt/workspace/workspace/GCC-9-pipeline/jenkins-GCC-9-pipeline-200_20200521_1590053374/install-native/arm-none-eabi --build=x86_64-linux-gnu --host=x86_64-linux-gnu --with-gmp=/mnt/workspace/workspace/GCC-9-pipeline/jenkins-GCC-9-pipeline-200_20200521_1590053374/build-native/host-libs/usr --with-mpfr=/mnt/workspace/workspace/GCC-9-pipeline/jenkins-GCC-9-pipeline-200_20200521_1590053374/build-native/host-libs/usr --with-mpc=/mnt/workspace/workspace/GCC-9-pipeline/jenkins-GCC-9-pipeline-200_20200521_1590053374/build-native/host-libs/usr --with-isl=/mnt/workspace/workspace/GCC-9-pipeline/jenkins-GCC-9-pipeline-200_20200521_1590053374/build-native/host-libs/usr --with-libelf=/mnt/workspace/workspace/GCC-9-pipeline/jenkins-GCC-9-pipeline-200_20200521_1590053374/build-native/host-libs/usr --with-host-libstdcxx='-static-libgcc -Wl,-Bstatic,-lstdc++,-Bdynamic -lm' --with-pkgversion='GNU Arm Embedded Toolchain 9-2020-q2-update' --with-multilib-list=rmprofile,aprofile
Thread model: single
gcc version 9.3.1 20200408 (release) (GNU Arm Embedded Toolchain 9-2020-q2-update) 
ninja: build stopped: subcommand failed.




Determining if the C compiler works failed with the following output:
Change Dir: /home/alan/demo03_ws/build/CMakeFiles/CMakeTmp

Run Build Command(s):/usr/bin/ninja cmTC_0c854 && [1/2] Building C object CMakeFiles/cmTC_0c854.dir/testCCompiler.c.o
[2/2] Linking C executable cmTC_0c854
FAILED: cmTC_0c854 
: && /opt/gcc-arm-none-eabi-9-2020-q2-update/bin/arm-none-eabi-gcc  -rdynamic CMakeFiles/cmTC_0c854.dir/testCCompiler.c.o -o cmTC_0c854   && :
arm-none-eabi-gcc: error: unrecognized command line option '-rdynamic'
ninja: build stopped: subcommand failed.



Compiling the C compiler identification source file "CMakeCCompilerId.c" failed.
Compiler: /opt/gcc-arm-none-eabi-9-2020-q2-update/bin/arm-none-eabi-gcc 
Build flags: 
Id flags:  

The output was:
1
/opt/gcc-arm-none-eabi-9-2020-q2-update/bin/../lib/gcc/arm-none-eabi/9.3.1/../../../../arm-none-eabi/bin/ld: /opt/gcc-arm-none-eabi-9-2020-q2-update/bin/../lib/gcc/arm-none-eabi/9.3.1/../../../../arm-none-eabi/lib/libc.a(lib_a-exit.o): in function `exit':
exit.c:(.text.exit+0x2c): undefined reference to `_exit'
collect2: error: ld returned 1 exit status


Compiling the CXX compiler identification source file "CMakeCXXCompilerId.cpp" failed.
Compiler: /opt/gcc-arm-none-eabi-9-2020-q2-update/bin/arm-none-eabi-g++ 
Build flags: 
Id flags:  

The output was:
1
/opt/gcc-arm-none-eabi-9-2020-q2-update/bin/../lib/gcc/arm-none-eabi/9.3.1/../../../../arm-none-eabi/bin/ld: /opt/gcc-arm-none-eabi-9-2020-q2-update/bin/../lib/gcc/arm-none-eabi/9.3.1/../../../../arm-none-eabi/lib/libc.a(lib_a-exit.o): in function `exit':
exit.c:(.text.exit+0x2c): undefined reference to `_exit'
collect2: error: ld returned 1 exit status


Detecting C compiler ABI info failed to compile with the following output:
Change Dir: /home/alan/demo03_ws/build/CMakeFiles/CMakeTmp

Run Build Command(s):/usr/bin/ninja cmTC_94912 && [1/2] Building C object CMakeFiles/cmTC_94912.dir/CMakeCCompilerABI.c.o
Using built-in specs.
COLLECT_GCC=/opt/gcc-arm-none-eabi-9-2020-q2-update/bin/arm-none-eabi-gcc
Target: arm-none-eabi
Configured with: /mnt/workspace/workspace/GCC-9-pipeline/jenkins-GCC-9-pipeline-200_20200521_1590053374/src/gcc/configure --target=arm-none-eabi --prefix=/mnt/workspace/workspace/GCC-9-pipeline/jenkins-GCC-9-pipeline-200_20200521_1590053374/install-native --libexecdir=/mnt/workspace/workspace/GCC-9-pipeline/jenkins-GCC-9-pipeline-200_20200521_1590053374/install-native/lib --infodir=/mnt/workspace/workspace/GCC-9-pipeline/jenkins-GCC-9-pipeline-200_20200521_1590053374/install-native/share/doc/gcc-arm-none-eabi/info --mandir=/mnt/workspace/workspace/GCC-9-pipeline/jenkins-GCC-9-pipeline-200_20200521_1590053374/install-native/share/doc/gcc-arm-none-eabi/man --htmldir=/mnt/workspace/workspace/GCC-9-pipeline/jenkins-GCC-9-pipeline-200_20200521_1590053374/install-native/share/doc/gcc-arm-none-eabi/html --pdfdir=/mnt/workspace/workspace/GCC-9-pipeline/jenkins-GCC-9-pipeline-200_20200521_1590053374/install-native/share/doc/gcc-arm-none-eabi/pdf --enable-languages=c,c++ --enable-plugins --disable-decimal-float --disable-libffi --disable-libgomp --disable-libmudflap --disable-libquadmath --disable-libssp --disable-libstdcxx-pch --disable-nls --disable-shared --disable-threads --disable-tls --with-gnu-as --with-gnu-ld --with-newlib --with-headers=yes --with-python-dir=share/gcc-arm-none-eabi --with-sysroot=/mnt/workspace/workspace/GCC-9-pipeline/jenkins-GCC-9-pipeline-200_20200521_1590053374/install-native/arm-none-eabi --build=x86_64-linux-gnu --host=x86_64-linux-gnu --with-gmp=/mnt/workspace/workspace/GCC-9-pipeline/jenkins-GCC-9-pipeline-200_20200521_1590053374/build-native/host-libs/usr --with-mpfr=/mnt/workspace/workspace/GCC-9-pipeline/jenkins-GCC-9-pipeline-200_20200521_1590053374/build-native/host-libs/usr --with-mpc=/mnt/workspace/workspace/GCC-9-pipeline/jenkins-GCC-9-pipeline-200_20200521_1590053374/build-native/host-libs/usr --with-isl=/mnt/workspace/workspace/GCC-9-pipeline/jenkins-GCC-9-pipeline-200_20200521_1590053374/build-native/host-libs/usr --with-libelf=/mnt/workspace/workspace/GCC-9-pipeline/jenkins-GCC-9-pipeline-200_20200521_1590053374/build-native/host-libs/usr --with-host-libstdcxx='-static-libgcc -Wl,-Bstatic,-lstdc++,-Bdynamic -lm' --with-pkgversion='GNU Arm Embedded Toolchain 9-2020-q2-update' --with-multilib-list=rmprofile,aprofile
Thread model: single
gcc version 9.3.1 20200408 (release) (GNU Arm Embedded Toolchain 9-2020-q2-update) 
COLLECT_GCC_OPTIONS='-v' '-o' 'CMakeFiles/cmTC_94912.dir/CMakeCCompilerABI.c.o' '-c' '-mcpu=arm7tdmi' '-mfloat-abi=soft' '-marm' '-march=armv4t'
 /opt/gcc-arm-none-eabi-9-2020-q2-update/bin/../lib/gcc/arm-none-eabi/9.3.1/cc1 -quiet -v -iprefix /opt/gcc-arm-none-eabi-9-2020-q2-update/bin/../lib/gcc/arm-none-eabi/9.3.1/ -isysroot /opt/gcc-arm-none-eabi-9-2020-q2-update/bin/../arm-none-eabi -D__USES_INITFINI__ /usr/local/share/cmake-3.18/Modules/CMakeCCompilerABI.c -quiet -dumpbase CMakeCCompilerABI.c -mcpu=arm7tdmi -mfloat-abi=soft -marm -march=armv4t -auxbase-strip CMakeFiles/cmTC_94912.dir/CMakeCCompilerABI.c.o -version -o /tmp/ccMemj7H.s
GNU C17 (GNU Arm Embedded Toolchain 9-2020-q2-update) version 9.3.1 20200408 (release) (arm-none-eabi)
	compiled by GNU C version 4.8.4, GMP version 6.1.0, MPFR version 3.1.4, MPC version 1.0.3, isl version isl-0.18-GMP

GGC heuristics: --param ggc-min-expand=100 --param ggc-min-heapsize=131072
ignoring duplicate directory "/opt/gcc-arm-none-eabi-9-2020-q2-update/bin/../lib/gcc/../../lib/gcc/arm-none-eabi/9.3.1/include"
ignoring nonexistent directory "/opt/gcc-arm-none-eabi-9-2020-q2-update/bin/../arm-none-eabi/usr/local/include"
ignoring duplicate directory "/opt/gcc-arm-none-eabi-9-2020-q2-update/bin/../lib/gcc/../../lib/gcc/arm-none-eabi/9.3.1/include-fixed"
ignoring duplicate directory "/opt/gcc-arm-none-eabi-9-2020-q2-update/bin/../lib/gcc/../../lib/gcc/arm-none-eabi/9.3.1/../../../../arm-none-eabi/include"
ignoring nonexistent directory "/opt/gcc-arm-none-eabi-9-2020-q2-update/bin/../arm-none-eabi/usr/include"
#include "..." search starts here:
#include <...> search starts here:
 /opt/gcc-arm-none-eabi-9-2020-q2-update/bin/../lib/gcc/arm-none-eabi/9.3.1/include
 /opt/gcc-arm-none-eabi-9-2020-q2-update/bin/../lib/gcc/arm-none-eabi/9.3.1/include-fixed
 /opt/gcc-arm-none-eabi-9-2020-q2-update/bin/../lib/gcc/arm-none-eabi/9.3.1/../../../../arm-none-eabi/include
End of search list.
GNU C17 (GNU Arm Embedded Toolchain 9-2020-q2-update) version 9.3.1 20200408 (release) (arm-none-eabi)
	compiled by GNU C version 4.8.4, GMP version 6.1.0, MPFR version 3.1.4, MPC version 1.0.3, isl version isl-0.18-GMP

GGC heuristics: --param ggc-min-expand=100 --param ggc-min-heapsize=131072
Compiler executable checksum: 17f1e178bf798cb7013d26242c30c1f0
COLLECT_GCC_OPTIONS='-v' '-o' 'CMakeFiles/cmTC_94912.dir/CMakeCCompilerABI.c.o' '-c' '-mcpu=arm7tdmi' '-mfloat-abi=soft' '-marm' '-march=armv4t'
 /opt/gcc-arm-none-eabi-9-2020-q2-update/bin/../lib/gcc/arm-none-eabi/9.3.1/../../../../arm-none-eabi/bin/as -v -march=armv4t -mfloat-abi=soft -meabi=5 -o CMakeFiles/cmTC_94912.dir/CMakeCCompilerABI.c.o /tmp/ccMemj7H.s
GNU assembler version 2.34.0 (arm-none-eabi) using BFD version (GNU Arm Embedded Toolchain 9-2020-q2-update) 2.34.0.20200428
COMPILER_PATH=/opt/gcc-arm-none-eabi-9-2020-q2-update/bin/../lib/gcc/arm-none-eabi/9.3.1/:/opt/gcc-arm-none-eabi-9-2020-q2-update/bin/../lib/gcc/:/opt/gcc-arm-none-eabi-9-2020-q2-update/bin/../lib/gcc/arm-none-eabi/9.3.1/../../../../arm-none-eabi/bin/
LIBRARY_PATH=/opt/gcc-arm-none-eabi-9-2020-q2-update/bin/../lib/gcc/arm-none-eabi/9.3.1/:/opt/gcc-arm-none-eabi-9-2020-q2-update/bin/../lib/gcc/:/opt/gcc-arm-none-eabi-9-2020-q2-update/bin/../lib/gcc/arm-none-eabi/9.3.1/../../../../arm-none-eabi/lib/:/opt/gcc-arm-none-eabi-9-2020-q2-update/bin/../arm-none-eabi/lib/
COLLECT_GCC_OPTIONS='-v' '-o' 'CMakeFiles/cmTC_94912.dir/CMakeCCompilerABI.c.o' '-c' '-mcpu=arm7tdmi' '-mfloat-abi=soft' '-marm' '-march=armv4t'
[2/2] Linking C executable cmTC_94912
FAILED: cmTC_94912 
: && /opt/gcc-arm-none-eabi-9-2020-q2-update/bin/arm-none-eabi-gcc  -v  -rdynamic CMakeFiles/cmTC_94912.dir/CMakeCCompilerABI.c.o -o cmTC_94912   && :
Using built-in specs.
COLLECT_GCC=/opt/gcc-arm-none-eabi-9-2020-q2-update/bin/arm-none-eabi-gcc
COLLECT_LTO_WRAPPER=/opt/gcc-arm-none-eabi-9-2020-q2-update/bin/../lib/gcc/arm-none-eabi/9.3.1/lto-wrapper
arm-none-eabi-gcc: error: unrecognized command line option '-rdynamic'
Target: arm-none-eabi
Configured with: /mnt/workspace/workspace/GCC-9-pipeline/jenkins-GCC-9-pipeline-200_20200521_1590053374/src/gcc/configure --target=arm-none-eabi --prefix=/mnt/workspace/workspace/GCC-9-pipeline/jenkins-GCC-9-pipeline-200_20200521_1590053374/install-native --libexecdir=/mnt/workspace/workspace/GCC-9-pipeline/jenkins-GCC-9-pipeline-200_20200521_1590053374/install-native/lib --infodir=/mnt/workspace/workspace/GCC-9-pipeline/jenkins-GCC-9-pipeline-200_20200521_1590053374/install-native/share/doc/gcc-arm-none-eabi/info --mandir=/mnt/workspace/workspace/GCC-9-pipeline/jenkins-GCC-9-pipeline-200_20200521_1590053374/install-native/share/doc/gcc-arm-none-eabi/man --htmldir=/mnt/workspace/workspace/GCC-9-pipeline/jenkins-GCC-9-pipeline-200_20200521_1590053374/install-native/share/doc/gcc-arm-none-eabi/html --pdfdir=/mnt/workspace/workspace/GCC-9-pipeline/jenkins-GCC-9-pipeline-200_20200521_1590053374/install-native/share/doc/gcc-arm-none-eabi/pdf --enable-languages=c,c++ --enable-plugins --disable-decimal-float --disable-libffi --disable-libgomp --disable-libmudflap --disable-libquadmath --disable-libssp --disable-libstdcxx-pch --disable-nls --disable-shared --disable-threads --disable-tls --with-gnu-as --with-gnu-ld --with-newlib --with-headers=yes --with-python-dir=share/gcc-arm-none-eabi --with-sysroot=/mnt/workspace/workspace/GCC-9-pipeline/jenkins-GCC-9-pipeline-200_20200521_1590053374/install-native/arm-none-eabi --build=x86_64-linux-gnu --host=x86_64-linux-gnu --with-gmp=/mnt/workspace/workspace/GCC-9-pipeline/jenkins-GCC-9-pipeline-200_20200521_1590053374/build-native/host-libs/usr --with-mpfr=/mnt/workspace/workspace/GCC-9-pipeline/jenkins-GCC-9-pipeline-200_20200521_1590053374/build-native/host-libs/usr --with-mpc=/mnt/workspace/workspace/GCC-9-pipeline/jenkins-GCC-9-pipeline-200_20200521_1590053374/build-native/host-libs/usr --with-isl=/mnt/workspace/workspace/GCC-9-pipeline/jenkins-GCC-9-pipeline-200_20200521_1590053374/build-native/host-libs/usr --with-libelf=/mnt/workspace/workspace/GCC-9-pipeline/jenkins-GCC-9-pipeline-200_20200521_1590053374/build-native/host-libs/usr --with-host-libstdcxx='-static-libgcc -Wl,-Bstatic,-lstdc++,-Bdynamic -lm' --with-pkgversion='GNU Arm Embedded Toolchain 9-2020-q2-update' --with-multilib-list=rmprofile,aprofile
Thread model: single
gcc version 9.3.1 20200408 (release) (GNU Arm Embedded Toolchain 9-2020-q2-update) 
ninja: build stopped: subcommand failed.




Determining if the C compiler works failed with the following output:
Change Dir: /home/alan/demo03_ws/build/CMakeFiles/CMakeTmp

Run Build Command(s):/usr/bin/ninja cmTC_85cb8 && [1/2] Building C object CMakeFiles/cmTC_85cb8.dir/testCCompiler.c.o
[2/2] Linking C executable cmTC_85cb8
FAILED: cmTC_85cb8 
: && /opt/gcc-arm-none-eabi-9-2020-q2-update/bin/arm-none-eabi-gcc  -rdynamic CMakeFiles/cmTC_85cb8.dir/testCCompiler.c.o -o cmTC_85cb8   && :
arm-none-eabi-gcc: error: unrecognized command line option '-rdynamic'
ninja: build stopped: subcommand failed.



Compiling the C compiler identification source file "CMakeCCompilerId.c" failed.
Compiler: /opt/gcc-arm-none-eabi-9-2020-q2-update/bin/arm-none-eabi-gcc 
Build flags: 
Id flags:  

The output was:
1
/opt/gcc-arm-none-eabi-9-2020-q2-update/bin/../lib/gcc/arm-none-eabi/9.3.1/../../../../arm-none-eabi/bin/ld: /opt/gcc-arm-none-eabi-9-2020-q2-update/bin/../lib/gcc/arm-none-eabi/9.3.1/../../../../arm-none-eabi/lib/libc.a(lib_a-exit.o): in function `exit':
exit.c:(.text.exit+0x2c): undefined reference to `_exit'
collect2: error: ld returned 1 exit status


Compiling the CXX compiler identification source file "CMakeCXXCompilerId.cpp" failed.
Compiler: /opt/gcc-arm-none-eabi-9-2020-q2-update/bin/arm-none-eabi-g++ 
Build flags: 
Id flags:  

The output was:
1
/opt/gcc-arm-none-eabi-9-2020-q2-update/bin/../lib/gcc/arm-none-eabi/9.3.1/../../../../arm-none-eabi/bin/ld: /opt/gcc-arm-none-eabi-9-2020-q2-update/bin/../lib/gcc/arm-none-eabi/9.3.1/../../../../arm-none-eabi/lib/libc.a(lib_a-exit.o): in function `exit':
exit.c:(.text.exit+0x2c): undefined reference to `_exit'
collect2: error: ld returned 1 exit status


Detecting C compiler ABI info failed to compile with the following output:
Change Dir: /home/alan/demo03_ws/build/CMakeFiles/CMakeTmp

Run Build Command(s):/usr/bin/ninja cmTC_13dea && [1/2] Building C object CMakeFiles/cmTC_13dea.dir/CMakeCCompilerABI.c.o
Using built-in specs.
COLLECT_GCC=/opt/gcc-arm-none-eabi-9-2020-q2-update/bin/arm-none-eabi-gcc
Target: arm-none-eabi
Configured with: /mnt/workspace/workspace/GCC-9-pipeline/jenkins-GCC-9-pipeline-200_20200521_1590053374/src/gcc/configure --target=arm-none-eabi --prefix=/mnt/workspace/workspace/GCC-9-pipeline/jenkins-GCC-9-pipeline-200_20200521_1590053374/install-native --libexecdir=/mnt/workspace/workspace/GCC-9-pipeline/jenkins-GCC-9-pipeline-200_20200521_1590053374/install-native/lib --infodir=/mnt/workspace/workspace/GCC-9-pipeline/jenkins-GCC-9-pipeline-200_20200521_1590053374/install-native/share/doc/gcc-arm-none-eabi/info --mandir=/mnt/workspace/workspace/GCC-9-pipeline/jenkins-GCC-9-pipeline-200_20200521_1590053374/install-native/share/doc/gcc-arm-none-eabi/man --htmldir=/mnt/workspace/workspace/GCC-9-pipeline/jenkins-GCC-9-pipeline-200_20200521_1590053374/install-native/share/doc/gcc-arm-none-eabi/html --pdfdir=/mnt/workspace/workspace/GCC-9-pipeline/jenkins-GCC-9-pipeline-200_20200521_1590053374/install-native/share/doc/gcc-arm-none-eabi/pdf --enable-languages=c,c++ --enable-plugins --disable-decimal-float --disable-libffi --disable-libgomp --disable-libmudflap --disable-libquadmath --disable-libssp --disable-libstdcxx-pch --disable-nls --disable-shared --disable-threads --disable-tls --with-gnu-as --with-gnu-ld --with-newlib --with-headers=yes --with-python-dir=share/gcc-arm-none-eabi --with-sysroot=/mnt/workspace/workspace/GCC-9-pipeline/jenkins-GCC-9-pipeline-200_20200521_1590053374/install-native/arm-none-eabi --build=x86_64-linux-gnu --host=x86_64-linux-gnu --with-gmp=/mnt/workspace/workspace/GCC-9-pipeline/jenkins-GCC-9-pipeline-200_20200521_1590053374/build-native/host-libs/usr --with-mpfr=/mnt/workspace/workspace/GCC-9-pipeline/jenkins-GCC-9-pipeline-200_20200521_1590053374/build-native/host-libs/usr --with-mpc=/mnt/workspace/workspace/GCC-9-pipeline/jenkins-GCC-9-pipeline-200_20200521_1590053374/build-native/host-libs/usr --with-isl=/mnt/workspace/workspace/GCC-9-pipeline/jenkins-GCC-9-pipeline-200_20200521_1590053374/build-native/host-libs/usr --with-libelf=/mnt/workspace/workspace/GCC-9-pipeline/jenkins-GCC-9-pipeline-200_20200521_1590053374/build-native/host-libs/usr --with-host-libstdcxx='-static-libgcc -Wl,-Bstatic,-lstdc++,-Bdynamic -lm' --with-pkgversion='GNU Arm Embedded Toolchain 9-2020-q2-update' --with-multilib-list=rmprofile,aprofile
Thread model: single
gcc version 9.3.1 20200408 (release) (GNU Arm Embedded Toolchain 9-2020-q2-update) 
COLLECT_GCC_OPTIONS='-v' '-o' 'CMakeFiles/cmTC_13dea.dir/CMakeCCompilerABI.c.o' '-c' '-mcpu=arm7tdmi' '-mfloat-abi=soft' '-marm' '-march=armv4t'
 /opt/gcc-arm-none-eabi-9-2020-q2-update/bin/../lib/gcc/arm-none-eabi/9.3.1/cc1 -quiet -v -iprefix /opt/gcc-arm-none-eabi-9-2020-q2-update/bin/../lib/gcc/arm-none-eabi/9.3.1/ -isysroot /opt/gcc-arm-none-eabi-9-2020-q2-update/bin/../arm-none-eabi -D__USES_INITFINI__ /usr/local/share/cmake-3.18/Modules/CMakeCCompilerABI.c -quiet -dumpbase CMakeCCompilerABI.c -mcpu=arm7tdmi -mfloat-abi=soft -marm -march=armv4t -auxbase-strip CMakeFiles/cmTC_13dea.dir/CMakeCCompilerABI.c.o -version -o /tmp/ccbIeort.s
GNU C17 (GNU Arm Embedded Toolchain 9-2020-q2-update) version 9.3.1 20200408 (release) (arm-none-eabi)
	compiled by GNU C version 4.8.4, GMP version 6.1.0, MPFR version 3.1.4, MPC version 1.0.3, isl version isl-0.18-GMP

GGC heuristics: --param ggc-min-expand=100 --param ggc-min-heapsize=131072
ignoring duplicate directory "/opt/gcc-arm-none-eabi-9-2020-q2-update/bin/../lib/gcc/../../lib/gcc/arm-none-eabi/9.3.1/include"
ignoring nonexistent directory "/opt/gcc-arm-none-eabi-9-2020-q2-update/bin/../arm-none-eabi/usr/local/include"
ignoring duplicate directory "/opt/gcc-arm-none-eabi-9-2020-q2-update/bin/../lib/gcc/../../lib/gcc/arm-none-eabi/9.3.1/include-fixed"
ignoring duplicate directory "/opt/gcc-arm-none-eabi-9-2020-q2-update/bin/../lib/gcc/../../lib/gcc/arm-none-eabi/9.3.1/../../../../arm-none-eabi/include"
ignoring nonexistent directory "/opt/gcc-arm-none-eabi-9-2020-q2-update/bin/../arm-none-eabi/usr/include"
#include "..." search starts here:
#include <...> search starts here:
 /opt/gcc-arm-none-eabi-9-2020-q2-update/bin/../lib/gcc/arm-none-eabi/9.3.1/include
 /opt/gcc-arm-none-eabi-9-2020-q2-update/bin/../lib/gcc/arm-none-eabi/9.3.1/include-fixed
 /opt/gcc-arm-none-eabi-9-2020-q2-update/bin/../lib/gcc/arm-none-eabi/9.3.1/../../../../arm-none-eabi/include
End of search list.
GNU C17 (GNU Arm Embedded Toolchain 9-2020-q2-update) version 9.3.1 20200408 (release) (arm-none-eabi)
	compiled by GNU C version 4.8.4, GMP version 6.1.0, MPFR version 3.1.4, MPC version 1.0.3, isl version isl-0.18-GMP

GGC heuristics: --param ggc-min-expand=100 --param ggc-min-heapsize=131072
Compiler executable checksum: 17f1e178bf798cb7013d26242c30c1f0
COLLECT_GCC_OPTIONS='-v' '-o' 'CMakeFiles/cmTC_13dea.dir/CMakeCCompilerABI.c.o' '-c' '-mcpu=arm7tdmi' '-mfloat-abi=soft' '-marm' '-march=armv4t'
 /opt/gcc-arm-none-eabi-9-2020-q2-update/bin/../lib/gcc/arm-none-eabi/9.3.1/../../../../arm-none-eabi/bin/as -v -march=armv4t -mfloat-abi=soft -meabi=5 -o CMakeFiles/cmTC_13dea.dir/CMakeCCompilerABI.c.o /tmp/ccbIeort.s
GNU assembler version 2.34.0 (arm-none-eabi) using BFD version (GNU Arm Embedded Toolchain 9-2020-q2-update) 2.34.0.20200428
COMPILER_PATH=/opt/gcc-arm-none-eabi-9-2020-q2-update/bin/../lib/gcc/arm-none-eabi/9.3.1/:/opt/gcc-arm-none-eabi-9-2020-q2-update/bin/../lib/gcc/:/opt/gcc-arm-none-eabi-9-2020-q2-update/bin/../lib/gcc/arm-none-eabi/9.3.1/../../../../arm-none-eabi/bin/
LIBRARY_PATH=/opt/gcc-arm-none-eabi-9-2020-q2-update/bin/../lib/gcc/arm-none-eabi/9.3.1/:/opt/gcc-arm-none-eabi-9-2020-q2-update/bin/../lib/gcc/:/opt/gcc-arm-none-eabi-9-2020-q2-update/bin/../lib/gcc/arm-none-eabi/9.3.1/../../../../arm-none-eabi/lib/:/opt/gcc-arm-none-eabi-9-2020-q2-update/bin/../arm-none-eabi/lib/
COLLECT_GCC_OPTIONS='-v' '-o' 'CMakeFiles/cmTC_13dea.dir/CMakeCCompilerABI.c.o' '-c' '-mcpu=arm7tdmi' '-mfloat-abi=soft' '-marm' '-march=armv4t'
[2/2] Linking C executable cmTC_13dea
FAILED: cmTC_13dea 
: && /opt/gcc-arm-none-eabi-9-2020-q2-update/bin/arm-none-eabi-gcc  -v  -rdynamic CMakeFiles/cmTC_13dea.dir/CMakeCCompilerABI.c.o -o cmTC_13dea   && :
Using built-in specs.
COLLECT_GCC=/opt/gcc-arm-none-eabi-9-2020-q2-update/bin/arm-none-eabi-gcc
COLLECT_LTO_WRAPPER=/opt/gcc-arm-none-eabi-9-2020-q2-update/bin/../lib/gcc/arm-none-eabi/9.3.1/lto-wrapper
arm-none-eabi-gcc: error: unrecognized command line option '-rdynamic'
Target: arm-none-eabi
Configured with: /mnt/workspace/workspace/GCC-9-pipeline/jenkins-GCC-9-pipeline-200_20200521_1590053374/src/gcc/configure --target=arm-none-eabi --prefix=/mnt/workspace/workspace/GCC-9-pipeline/jenkins-GCC-9-pipeline-200_20200521_1590053374/install-native --libexecdir=/mnt/workspace/workspace/GCC-9-pipeline/jenkins-GCC-9-pipeline-200_20200521_1590053374/install-native/lib --infodir=/mnt/workspace/workspace/GCC-9-pipeline/jenkins-GCC-9-pipeline-200_20200521_1590053374/install-native/share/doc/gcc-arm-none-eabi/info --mandir=/mnt/workspace/workspace/GCC-9-pipeline/jenkins-GCC-9-pipeline-200_20200521_1590053374/install-native/share/doc/gcc-arm-none-eabi/man --htmldir=/mnt/workspace/workspace/GCC-9-pipeline/jenkins-GCC-9-pipeline-200_20200521_1590053374/install-native/share/doc/gcc-arm-none-eabi/html --pdfdir=/mnt/workspace/workspace/GCC-9-pipeline/jenkins-GCC-9-pipeline-200_20200521_1590053374/install-native/share/doc/gcc-arm-none-eabi/pdf --enable-languages=c,c++ --enable-plugins --disable-decimal-float --disable-libffi --disable-libgomp --disable-libmudflap --disable-libquadmath --disable-libssp --disable-libstdcxx-pch --disable-nls --disable-shared --disable-threads --disable-tls --with-gnu-as --with-gnu-ld --with-newlib --with-headers=yes --with-python-dir=share/gcc-arm-none-eabi --with-sysroot=/mnt/workspace/workspace/GCC-9-pipeline/jenkins-GCC-9-pipeline-200_20200521_1590053374/install-native/arm-none-eabi --build=x86_64-linux-gnu --host=x86_64-linux-gnu --with-gmp=/mnt/workspace/workspace/GCC-9-pipeline/jenkins-GCC-9-pipeline-200_20200521_1590053374/build-native/host-libs/usr --with-mpfr=/mnt/workspace/workspace/GCC-9-pipeline/jenkins-GCC-9-pipeline-200_20200521_1590053374/build-native/host-libs/usr --with-mpc=/mnt/workspace/workspace/GCC-9-pipeline/jenkins-GCC-9-pipeline-200_20200521_1590053374/build-native/host-libs/usr --with-isl=/mnt/workspace/workspace/GCC-9-pipeline/jenkins-GCC-9-pipeline-200_20200521_1590053374/build-native/host-libs/usr --with-libelf=/mnt/workspace/workspace/GCC-9-pipeline/jenkins-GCC-9-pipeline-200_20200521_1590053374/build-native/host-libs/usr --with-host-libstdcxx='-static-libgcc -Wl,-Bstatic,-lstdc++,-Bdynamic -lm' --with-pkgversion='GNU Arm Embedded Toolchain 9-2020-q2-update' --with-multilib-list=rmprofile,aprofile
Thread model: single
gcc version 9.3.1 20200408 (release) (GNU Arm Embedded Toolchain 9-2020-q2-update) 
ninja: build stopped: subcommand failed.




Determining if the C compiler works failed with the following output:
Change Dir: /home/alan/demo03_ws/build/CMakeFiles/CMakeTmp

Run Build Command(s):/usr/bin/ninja cmTC_4a493 && [1/2] Building C object CMakeFiles/cmTC_4a493.dir/testCCompiler.c.o
[2/2] Linking C executable cmTC_4a493
FAILED: cmTC_4a493 
: && /opt/gcc-arm-none-eabi-9-2020-q2-update/bin/arm-none-eabi-gcc  -rdynamic CMakeFiles/cmTC_4a493.dir/testCCompiler.c.o -o cmTC_4a493   && :
arm-none-eabi-gcc: error: unrecognized command line option '-rdynamic'
ninja: build stopped: subcommand failed.



Compiling the C compiler identification source file "CMakeCCompilerId.c" failed.
Compiler: /opt/gcc-arm-none-eabi-9-2020-q2-update/bin/arm-none-eabi-gcc 
Build flags: 
Id flags:  

The output was:
1
/opt/gcc-arm-none-eabi-9-2020-q2-update/bin/../lib/gcc/arm-none-eabi/9.3.1/../../../../arm-none-eabi/bin/ld: /opt/gcc-arm-none-eabi-9-2020-q2-update/bin/../lib/gcc/arm-none-eabi/9.3.1/../../../../arm-none-eabi/lib/libc.a(lib_a-exit.o): in function `exit':
exit.c:(.text.exit+0x2c): undefined reference to `_exit'
collect2: error: ld returned 1 exit status


Compiling the CXX compiler identification source file "CMakeCXXCompilerId.cpp" failed.
Compiler: /opt/gcc-arm-none-eabi-9-2020-q2-update/bin/arm-none-eabi-g++ 
Build flags: 
Id flags:  

The output was:
1
/opt/gcc-arm-none-eabi-9-2020-q2-update/bin/../lib/gcc/arm-none-eabi/9.3.1/../../../../arm-none-eabi/bin/ld: /opt/gcc-arm-none-eabi-9-2020-q2-update/bin/../lib/gcc/arm-none-eabi/9.3.1/../../../../arm-none-eabi/lib/libc.a(lib_a-exit.o): in function `exit':
exit.c:(.text.exit+0x2c): undefined reference to `_exit'
collect2: error: ld returned 1 exit status


Detecting C compiler ABI info failed to compile with the following output:
Change Dir: /home/alan/demo03_ws/build/CMakeFiles/CMakeTmp

Run Build Command(s):/usr/bin/ninja cmTC_32846 && [1/2] Building C object CMakeFiles/cmTC_32846.dir/CMakeCCompilerABI.c.o
Using built-in specs.
COLLECT_GCC=/opt/gcc-arm-none-eabi-9-2020-q2-update/bin/arm-none-eabi-gcc
Target: arm-none-eabi
Configured with: /mnt/workspace/workspace/GCC-9-pipeline/jenkins-GCC-9-pipeline-200_20200521_1590053374/src/gcc/configure --target=arm-none-eabi --prefix=/mnt/workspace/workspace/GCC-9-pipeline/jenkins-GCC-9-pipeline-200_20200521_1590053374/install-native --libexecdir=/mnt/workspace/workspace/GCC-9-pipeline/jenkins-GCC-9-pipeline-200_20200521_1590053374/install-native/lib --infodir=/mnt/workspace/workspace/GCC-9-pipeline/jenkins-GCC-9-pipeline-200_20200521_1590053374/install-native/share/doc/gcc-arm-none-eabi/info --mandir=/mnt/workspace/workspace/GCC-9-pipeline/jenkins-GCC-9-pipeline-200_20200521_1590053374/install-native/share/doc/gcc-arm-none-eabi/man --htmldir=/mnt/workspace/workspace/GCC-9-pipeline/jenkins-GCC-9-pipeline-200_20200521_1590053374/install-native/share/doc/gcc-arm-none-eabi/html --pdfdir=/mnt/workspace/workspace/GCC-9-pipeline/jenkins-GCC-9-pipeline-200_20200521_1590053374/install-native/share/doc/gcc-arm-none-eabi/pdf --enable-languages=c,c++ --enable-plugins --disable-decimal-float --disable-libffi --disable-libgomp --disable-libmudflap --disable-libquadmath --disable-libssp --disable-libstdcxx-pch --disable-nls --disable-shared --disable-threads --disable-tls --with-gnu-as --with-gnu-ld --with-newlib --with-headers=yes --with-python-dir=share/gcc-arm-none-eabi --with-sysroot=/mnt/workspace/workspace/GCC-9-pipeline/jenkins-GCC-9-pipeline-200_20200521_1590053374/install-native/arm-none-eabi --build=x86_64-linux-gnu --host=x86_64-linux-gnu --with-gmp=/mnt/workspace/workspace/GCC-9-pipeline/jenkins-GCC-9-pipeline-200_20200521_1590053374/build-native/host-libs/usr --with-mpfr=/mnt/workspace/workspace/GCC-9-pipeline/jenkins-GCC-9-pipeline-200_20200521_1590053374/build-native/host-libs/usr --with-mpc=/mnt/workspace/workspace/GCC-9-pipeline/jenkins-GCC-9-pipeline-200_20200521_1590053374/build-native/host-libs/usr --with-isl=/mnt/workspace/workspace/GCC-9-pipeline/jenkins-GCC-9-pipeline-200_20200521_1590053374/build-native/host-libs/usr --with-libelf=/mnt/workspace/workspace/GCC-9-pipeline/jenkins-GCC-9-pipeline-200_20200521_1590053374/build-native/host-libs/usr --with-host-libstdcxx='-static-libgcc -Wl,-Bstatic,-lstdc++,-Bdynamic -lm' --with-pkgversion='GNU Arm Embedded Toolchain 9-2020-q2-update' --with-multilib-list=rmprofile,aprofile
Thread model: single
gcc version 9.3.1 20200408 (release) (GNU Arm Embedded Toolchain 9-2020-q2-update) 
COLLECT_GCC_OPTIONS='-v' '-o' 'CMakeFiles/cmTC_32846.dir/CMakeCCompilerABI.c.o' '-c' '-mcpu=arm7tdmi' '-mfloat-abi=soft' '-marm' '-march=armv4t'
 /opt/gcc-arm-none-eabi-9-2020-q2-update/bin/../lib/gcc/arm-none-eabi/9.3.1/cc1 -quiet -v -iprefix /opt/gcc-arm-none-eabi-9-2020-q2-update/bin/../lib/gcc/arm-none-eabi/9.3.1/ -isysroot /opt/gcc-arm-none-eabi-9-2020-q2-update/bin/../arm-none-eabi -D__USES_INITFINI__ /usr/local/share/cmake-3.18/Modules/CMakeCCompilerABI.c -quiet -dumpbase CMakeCCompilerABI.c -mcpu=arm7tdmi -mfloat-abi=soft -marm -march=armv4t -auxbase-strip CMakeFiles/cmTC_32846.dir/CMakeCCompilerABI.c.o -version -o /tmp/ccFkXL3T.s
GNU C17 (GNU Arm Embedded Toolchain 9-2020-q2-update) version 9.3.1 20200408 (release) (arm-none-eabi)
	compiled by GNU C version 4.8.4, GMP version 6.1.0, MPFR version 3.1.4, MPC version 1.0.3, isl version isl-0.18-GMP

GGC heuristics: --param ggc-min-expand=100 --param ggc-min-heapsize=131072
ignoring duplicate directory "/opt/gcc-arm-none-eabi-9-2020-q2-update/bin/../lib/gcc/../../lib/gcc/arm-none-eabi/9.3.1/include"
ignoring nonexistent directory "/opt/gcc-arm-none-eabi-9-2020-q2-update/bin/../arm-none-eabi/usr/local/include"
ignoring duplicate directory "/opt/gcc-arm-none-eabi-9-2020-q2-update/bin/../lib/gcc/../../lib/gcc/arm-none-eabi/9.3.1/include-fixed"
ignoring duplicate directory "/opt/gcc-arm-none-eabi-9-2020-q2-update/bin/../lib/gcc/../../lib/gcc/arm-none-eabi/9.3.1/../../../../arm-none-eabi/include"
ignoring nonexistent directory "/opt/gcc-arm-none-eabi-9-2020-q2-update/bin/../arm-none-eabi/usr/include"
#include "..." search starts here:
#include <...> search starts here:
 /opt/gcc-arm-none-eabi-9-2020-q2-update/bin/../lib/gcc/arm-none-eabi/9.3.1/include
 /opt/gcc-arm-none-eabi-9-2020-q2-update/bin/../lib/gcc/arm-none-eabi/9.3.1/include-fixed
 /opt/gcc-arm-none-eabi-9-2020-q2-update/bin/../lib/gcc/arm-none-eabi/9.3.1/../../../../arm-none-eabi/include
End of search list.
GNU C17 (GNU Arm Embedded Toolchain 9-2020-q2-update) version 9.3.1 20200408 (release) (arm-none-eabi)
	compiled by GNU C version 4.8.4, GMP version 6.1.0, MPFR version 3.1.4, MPC version 1.0.3, isl version isl-0.18-GMP

GGC heuristics: --param ggc-min-expand=100 --param ggc-min-heapsize=131072
Compiler executable checksum: 17f1e178bf798cb7013d26242c30c1f0
COLLECT_GCC_OPTIONS='-v' '-o' 'CMakeFiles/cmTC_32846.dir/CMakeCCompilerABI.c.o' '-c' '-mcpu=arm7tdmi' '-mfloat-abi=soft' '-marm' '-march=armv4t'
 /opt/gcc-arm-none-eabi-9-2020-q2-update/bin/../lib/gcc/arm-none-eabi/9.3.1/../../../../arm-none-eabi/bin/as -v -march=armv4t -mfloat-abi=soft -meabi=5 -o CMakeFiles/cmTC_32846.dir/CMakeCCompilerABI.c.o /tmp/ccFkXL3T.s
GNU assembler version 2.34.0 (arm-none-eabi) using BFD version (GNU Arm Embedded Toolchain 9-2020-q2-update) 2.34.0.20200428
COMPILER_PATH=/opt/gcc-arm-none-eabi-9-2020-q2-update/bin/../lib/gcc/arm-none-eabi/9.3.1/:/opt/gcc-arm-none-eabi-9-2020-q2-update/bin/../lib/gcc/:/opt/gcc-arm-none-eabi-9-2020-q2-update/bin/../lib/gcc/arm-none-eabi/9.3.1/../../../../arm-none-eabi/bin/
LIBRARY_PATH=/opt/gcc-arm-none-eabi-9-2020-q2-update/bin/../lib/gcc/arm-none-eabi/9.3.1/:/opt/gcc-arm-none-eabi-9-2020-q2-update/bin/../lib/gcc/:/opt/gcc-arm-none-eabi-9-2020-q2-update/bin/../lib/gcc/arm-none-eabi/9.3.1/../../../../arm-none-eabi/lib/:/opt/gcc-arm-none-eabi-9-2020-q2-update/bin/../arm-none-eabi/lib/
COLLECT_GCC_OPTIONS='-v' '-o' 'CMakeFiles/cmTC_32846.dir/CMakeCCompilerABI.c.o' '-c' '-mcpu=arm7tdmi' '-mfloat-abi=soft' '-marm' '-march=armv4t'
[2/2] Linking C executable cmTC_32846
FAILED: cmTC_32846 
: && /opt/gcc-arm-none-eabi-9-2020-q2-update/bin/arm-none-eabi-gcc  -v  -rdynamic CMakeFiles/cmTC_32846.dir/CMakeCCompilerABI.c.o -o cmTC_32846   && :
Using built-in specs.
COLLECT_GCC=/opt/gcc-arm-none-eabi-9-2020-q2-update/bin/arm-none-eabi-gcc
COLLECT_LTO_WRAPPER=/opt/gcc-arm-none-eabi-9-2020-q2-update/bin/../lib/gcc/arm-none-eabi/9.3.1/lto-wrapper
arm-none-eabi-gcc: error: unrecognized command line option '-rdynamic'
Target: arm-none-eabi
Configured with: /mnt/workspace/workspace/GCC-9-pipeline/jenkins-GCC-9-pipeline-200_20200521_1590053374/src/gcc/configure --target=arm-none-eabi --prefix=/mnt/workspace/workspace/GCC-9-pipeline/jenkins-GCC-9-pipeline-200_20200521_1590053374/install-native --libexecdir=/mnt/workspace/workspace/GCC-9-pipeline/jenkins-GCC-9-pipeline-200_20200521_1590053374/install-native/lib --infodir=/mnt/workspace/workspace/GCC-9-pipeline/jenkins-GCC-9-pipeline-200_20200521_1590053374/install-native/share/doc/gcc-arm-none-eabi/info --mandir=/mnt/workspace/workspace/GCC-9-pipeline/jenkins-GCC-9-pipeline-200_20200521_1590053374/install-native/share/doc/gcc-arm-none-eabi/man --htmldir=/mnt/workspace/workspace/GCC-9-pipeline/jenkins-GCC-9-pipeline-200_20200521_1590053374/install-native/share/doc/gcc-arm-none-eabi/html --pdfdir=/mnt/workspace/workspace/GCC-9-pipeline/jenkins-GCC-9-pipeline-200_20200521_1590053374/install-native/share/doc/gcc-arm-none-eabi/pdf --enable-languages=c,c++ --enable-plugins --disable-decimal-float --disable-libffi --disable-libgomp --disable-libmudflap --disable-libquadmath --disable-libssp --disable-libstdcxx-pch --disable-nls --disable-shared --disable-threads --disable-tls --with-gnu-as --with-gnu-ld --with-newlib --with-headers=yes --with-python-dir=share/gcc-arm-none-eabi --with-sysroot=/mnt/workspace/workspace/GCC-9-pipeline/jenkins-GCC-9-pipeline-200_20200521_1590053374/install-native/arm-none-eabi --build=x86_64-linux-gnu --host=x86_64-linux-gnu --with-gmp=/mnt/workspace/workspace/GCC-9-pipeline/jenkins-GCC-9-pipeline-200_20200521_1590053374/build-native/host-libs/usr --with-mpfr=/mnt/workspace/workspace/GCC-9-pipeline/jenkins-GCC-9-pipeline-200_20200521_1590053374/build-native/host-libs/usr --with-mpc=/mnt/workspace/workspace/GCC-9-pipeline/jenkins-GCC-9-pipeline-200_20200521_1590053374/build-native/host-libs/usr --with-isl=/mnt/workspace/workspace/GCC-9-pipeline/jenkins-GCC-9-pipeline-200_20200521_1590053374/build-native/host-libs/usr --with-libelf=/mnt/workspace/workspace/GCC-9-pipeline/jenkins-GCC-9-pipeline-200_20200521_1590053374/build-native/host-libs/usr --with-host-libstdcxx='-static-libgcc -Wl,-Bstatic,-lstdc++,-Bdynamic -lm' --with-pkgversion='GNU Arm Embedded Toolchain 9-2020-q2-update' --with-multilib-list=rmprofile,aprofile
Thread model: single
gcc version 9.3.1 20200408 (release) (GNU Arm Embedded Toolchain 9-2020-q2-update) 
ninja: build stopped: subcommand failed.




Determining if the C compiler works failed with the following output:
Change Dir: /home/alan/demo03_ws/build/CMakeFiles/CMakeTmp

Run Build Command(s):/usr/bin/ninja cmTC_66c82 && [1/2] Building C object CMakeFiles/cmTC_66c82.dir/testCCompiler.c.o
[2/2] Linking C executable cmTC_66c82
FAILED: cmTC_66c82 
: && /opt/gcc-arm-none-eabi-9-2020-q2-update/bin/arm-none-eabi-gcc  -rdynamic CMakeFiles/cmTC_66c82.dir/testCCompiler.c.o -o cmTC_66c82   && :
arm-none-eabi-gcc: error: unrecognized command line option '-rdynamic'
ninja: build stopped: subcommand failed.



