Determining if the pthread_create exist failed with the following output:
Change Dir: /home/amovlab-z410/ROS1_Project_Learning/demo05_ws/build_isolated/urdf01_rviz/CMakeFiles/CMakeTmp

Run Build Command:"/usr/bin/make" "cmTC_abd4e/fast"
/usr/bin/make -f CMakeFiles/cmTC_abd4e.dir/build.make CMakeFiles/cmTC_abd4e.dir/build
make[1]: Entering directory '/home/amovlab-z410/ROS1_Project_Learning/demo05_ws/build_isolated/urdf01_rviz/CMakeFiles/CMakeTmp'
Building C object CMakeFiles/cmTC_abd4e.dir/CheckSymbolExists.c.o
/usr/bin/cc    -o CMakeFiles/cmTC_abd4e.dir/CheckSymbolExists.c.o   -c /home/amovlab-z410/ROS1_Project_Learning/demo05_ws/build_isolated/urdf01_rviz/CMakeFiles/CMakeTmp/CheckSymbolExists.c
Linking C executable cmTC_abd4e
/usr/bin/cmake -E cmake_link_script CMakeFiles/cmTC_abd4e.dir/link.txt --verbose=1
/usr/bin/cc      -rdynamic CMakeFiles/cmTC_abd4e.dir/CheckSymbolExists.c.o  -o cmTC_abd4e 
CMakeFiles/cmTC_abd4e.dir/CheckSymbolExists.c.o: In function `main':
CheckSymbolExists.c:(.text+0x1b): undefined reference to `pthread_create'
collect2: error: ld returned 1 exit status
CMakeFiles/cmTC_abd4e.dir/build.make:97: recipe for target 'cmTC_abd4e' failed
make[1]: *** [cmTC_abd4e] Error 1
make[1]: Leaving directory '/home/amovlab-z410/ROS1_Project_Learning/demo05_ws/build_isolated/urdf01_rviz/CMakeFiles/CMakeTmp'
Makefile:126: recipe for target 'cmTC_abd4e/fast' failed
make: *** [cmTC_abd4e/fast] Error 2

File /home/amovlab-z410/ROS1_Project_Learning/demo05_ws/build_isolated/urdf01_rviz/CMakeFiles/CMakeTmp/CheckSymbolExists.c:
/* */
#include <pthread.h>

int main(int argc, char** argv)
{
  (void)argv;
#ifndef pthread_create
  return ((int*)(&pthread_create))[argc];
#else
  (void)argc;
  return 0;
#endif
}

Determining if the function pthread_create exists in the pthreads failed with the following output:
Change Dir: /home/amovlab-z410/ROS1_Project_Learning/demo05_ws/build_isolated/urdf01_rviz/CMakeFiles/CMakeTmp

Run Build Command:"/usr/bin/make" "cmTC_6540b/fast"
/usr/bin/make -f CMakeFiles/cmTC_6540b.dir/build.make CMakeFiles/cmTC_6540b.dir/build
make[1]: Entering directory '/home/amovlab-z410/ROS1_Project_Learning/demo05_ws/build_isolated/urdf01_rviz/CMakeFiles/CMakeTmp'
Building C object CMakeFiles/cmTC_6540b.dir/CheckFunctionExists.c.o
/usr/bin/cc   -DCHECK_FUNCTION_EXISTS=pthread_create   -o CMakeFiles/cmTC_6540b.dir/CheckFunctionExists.c.o   -c /usr/share/cmake-3.10/Modules/CheckFunctionExists.c
Linking C executable cmTC_6540b
/usr/bin/cmake -E cmake_link_script CMakeFiles/cmTC_6540b.dir/link.txt --verbose=1
/usr/bin/cc  -DCHECK_FUNCTION_EXISTS=pthread_create    -rdynamic CMakeFiles/cmTC_6540b.dir/CheckFunctionExists.c.o  -o cmTC_6540b -lpthreads 
/usr/bin/ld: cannot find -lpthreads
collect2: error: ld returned 1 exit status
CMakeFiles/cmTC_6540b.dir/build.make:97: recipe for target 'cmTC_6540b' failed
make[1]: *** [cmTC_6540b] Error 1
make[1]: Leaving directory '/home/amovlab-z410/ROS1_Project_Learning/demo05_ws/build_isolated/urdf01_rviz/CMakeFiles/CMakeTmp'
Makefile:126: recipe for target 'cmTC_6540b/fast' failed
make: *** [cmTC_6540b/fast] Error 2


